{"numFailedTestSuites":0,"numFailedTests":0,"numPassedTestSuites":21,"numPassedTests":355,"numPendingTestSuites":0,"numPendingTests":0,"numRuntimeErrorTestSuites":0,"numTodoTests":0,"numTotalTestSuites":21,"numTotalTests":355,"openHandles":[],"snapshot":{"added":0,"didUpdate":false,"failure":false,"filesAdded":0,"filesRemoved":0,"filesRemovedList":[],"filesUnmatched":0,"filesUpdated":0,"matched":0,"total":0,"unchecked":0,"uncheckedKeysByFile":[],"unmatched":0,"updated":0},"startTime":1764260771209,"success":true,"testResults":[{"assertionResults":[{"ancestorTitles":["GET /api/tenants/:tenantId/users"],"duration":19,"failureDetails":[],"failureMessages":[],"fullName":"GET /api/tenants/:tenantId/users should return list of users","invocations":1,"location":null,"numPassingAsserts":4,"retryReasons":[],"status":"passed","title":"should return list of users"},{"ancestorTitles":["GET /api/tenants/:tenantId/users"],"duration":17,"failureDetails":[],"failureMessages":[],"fullName":"GET /api/tenants/:tenantId/users should require authentication","invocations":1,"location":null,"numPassingAsserts":1,"retryReasons":[],"status":"passed","title":"should require authentication"},{"ancestorTitles":["POST /api/tenants/:tenantId/users"],"duration":155,"failureDetails":[],"failureMessages":[],"fullName":"POST /api/tenants/:tenantId/users should create a new user","invocations":1,"location":null,"numPassingAsserts":0,"retryReasons":[],"status":"passed","title":"should create a new user"},{"ancestorTitles":["POST /api/tenants/:tenantId/users"],"duration":9,"failureDetails":[],"failureMessages":[],"fullName":"POST /api/tenants/:tenantId/users should reject duplicate username","invocations":1,"location":null,"numPassingAsserts":1,"retryReasons":[],"status":"passed","title":"should reject duplicate username"},{"ancestorTitles":["POST /api/tenants/:tenantId/users"],"duration":11,"failureDetails":[],"failureMessages":[],"fullName":"POST /api/tenants/:tenantId/users should require username, email, and password","invocations":1,"location":null,"numPassingAsserts":1,"retryReasons":[],"status":"passed","title":"should require username, email, and password"},{"ancestorTitles":["PUT /api/tenants/:tenantId/users/:userId"],"duration":15,"failureDetails":[],"failureMessages":[],"fullName":"PUT /api/tenants/:tenantId/users/:userId should update user details","invocations":1,"location":null,"numPassingAsserts":1,"retryReasons":[],"status":"passed","title":"should update user details"},{"ancestorTitles":["PUT /api/tenants/:tenantId/users/:userId"],"duration":8,"failureDetails":[],"failureMessages":[],"fullName":"PUT /api/tenants/:tenantId/users/:userId should return 404 for non-existent user","invocations":1,"location":null,"numPassingAsserts":1,"retryReasons":[],"status":"passed","title":"should return 404 for non-existent user"},{"ancestorTitles":["DELETE /api/tenants/:tenantId/users/:userId"],"duration":3,"failureDetails":[],"failureMessages":[],"fullName":"DELETE /api/tenants/:tenantId/users/:userId should deactivate user (soft delete)","invocations":1,"location":null,"numPassingAsserts":0,"retryReasons":[],"status":"passed","title":"should deactivate user (soft delete)"},{"ancestorTitles":["POST /api/tenants/:tenantId/users/:userId/activate"],"duration":109,"failureDetails":[],"failureMessages":[],"fullName":"POST /api/tenants/:tenantId/users/:userId/activate should reactivate a deactivated user","invocations":1,"location":null,"numPassingAsserts":0,"retryReasons":[],"status":"passed","title":"should reactivate a deactivated user"},{"ancestorTitles":["Tenant Users Cross-Tenant Protection"],"duration":98,"failureDetails":[],"failureMessages":[],"fullName":"Tenant Users Cross-Tenant Protection should prevent accessing users from another tenant","invocations":1,"location":null,"numPassingAsserts":1,"retryReasons":[],"status":"passed","title":"should prevent accessing users from another tenant"}],"endTime":1764260792071,"message":"","name":"D:\\projects\\travel-support-app -test\\conversion\\backend\\src\\tests\\integration\\tenant-users.test.ts","startTime":1764260772720,"status":"passed","summary":""},{"assertionResults":[{"ancestorTitles":["POST /api/tenants/:tenantId/login"],"duration":125,"failureDetails":[],"failureMessages":[],"fullName":"POST /api/tenants/:tenantId/login should login with valid credentials and return JWT token","invocations":1,"location":null,"numPassingAsserts":9,"retryReasons":[],"status":"passed","title":"should login with valid credentials and return JWT token"},{"ancestorTitles":["POST /api/tenants/:tenantId/login"],"duration":8,"failureDetails":[],"failureMessages":[],"fullName":"POST /api/tenants/:tenantId/login should reject login with invalid username","invocations":1,"location":null,"numPassingAsserts":3,"retryReasons":[],"status":"passed","title":"should reject login with invalid username"},{"ancestorTitles":["POST /api/tenants/:tenantId/login"],"duration":91,"failureDetails":[],"failureMessages":[],"fullName":"POST /api/tenants/:tenantId/login should reject login with invalid password","invocations":1,"location":null,"numPassingAsserts":3,"retryReasons":[],"status":"passed","title":"should reject login with invalid password"},{"ancestorTitles":["POST /api/tenants/:tenantId/login"],"duration":14,"failureDetails":[],"failureMessages":[],"fullName":"POST /api/tenants/:tenantId/login should reject login with missing credentials","invocations":1,"location":null,"numPassingAsserts":1,"retryReasons":[],"status":"passed","title":"should reject login with missing credentials"},{"ancestorTitles":["Protected Route Access"],"duration":51,"failureDetails":[],"failureMessages":[],"fullName":"Protected Route Access should allow access to protected route with valid token","invocations":1,"location":null,"numPassingAsserts":5,"retryReasons":[],"status":"passed","title":"should allow access to protected route with valid token"},{"ancestorTitles":["Protected Route Access"],"duration":14,"failureDetails":[],"failureMessages":[],"fullName":"Protected Route Access should deny access to protected route without token","invocations":1,"location":null,"numPassingAsserts":1,"retryReasons":[],"status":"passed","title":"should deny access to protected route without token"},{"ancestorTitles":["Protected Route Access"],"duration":12,"failureDetails":[],"failureMessages":[],"fullName":"Protected Route Access should deny access to protected route with invalid token","invocations":1,"location":null,"numPassingAsserts":1,"retryReasons":[],"status":"passed","title":"should deny access to protected route with invalid token"},{"ancestorTitles":["Protected Route Access"],"duration":6,"failureDetails":[],"failureMessages":[],"fullName":"Protected Route Access should deny access to protected route with malformed authorization header","invocations":1,"location":null,"numPassingAsserts":1,"retryReasons":[],"status":"passed","title":"should deny access to protected route with malformed authorization header"},{"ancestorTitles":["JWT Token Validation"],"duration":90,"failureDetails":[],"failureMessages":[],"fullName":"JWT Token Validation should include correct user information in token payload","invocations":1,"location":null,"numPassingAsserts":13,"retryReasons":[],"status":"passed","title":"should include correct user information in token payload"},{"ancestorTitles":["POST /api/tenants/:tenantId/refresh - Token Refresh"],"duration":1120,"failureDetails":[],"failureMessages":[],"fullName":"POST /api/tenants/:tenantId/refresh - Token Refresh should refresh a valid token and return a new one","invocations":1,"location":null,"numPassingAsserts":7,"retryReasons":[],"status":"passed","title":"should refresh a valid token and return a new one"},{"ancestorTitles":["POST /api/tenants/:tenantId/refresh - Token Refresh"],"duration":7,"failureDetails":[],"failureMessages":[],"fullName":"POST /api/tenants/:tenantId/refresh - Token Refresh should reject token refresh without token","invocations":1,"location":null,"numPassingAsserts":1,"retryReasons":[],"status":"passed","title":"should reject token refresh without token"},{"ancestorTitles":["POST /api/tenants/:tenantId/refresh - Token Refresh"],"duration":6,"failureDetails":[],"failureMessages":[],"fullName":"POST /api/tenants/:tenantId/refresh - Token Refresh should reject token refresh with invalid token","invocations":1,"location":null,"numPassingAsserts":1,"retryReasons":[],"status":"passed","title":"should reject token refresh with invalid token"},{"ancestorTitles":["Password Reset Flow","POST /api/tenants/:tenantId/forgot-password"],"duration":13,"failureDetails":[],"failureMessages":[],"fullName":"Password Reset Flow POST /api/tenants/:tenantId/forgot-password should accept forgot password request for valid email","invocations":1,"location":null,"numPassingAsserts":1,"retryReasons":[],"status":"passed","title":"should accept forgot password request for valid email"},{"ancestorTitles":["Password Reset Flow","POST /api/tenants/:tenantId/forgot-password"],"duration":5,"failureDetails":[],"failureMessages":[],"fullName":"Password Reset Flow POST /api/tenants/:tenantId/forgot-password should return success even for non-existent email (prevent enumeration)","invocations":1,"location":null,"numPassingAsserts":0,"retryReasons":[],"status":"passed","title":"should return success even for non-existent email (prevent enumeration)"},{"ancestorTitles":["Password Reset Flow","POST /api/tenants/:tenantId/forgot-password"],"duration":5,"failureDetails":[],"failureMessages":[],"fullName":"Password Reset Flow POST /api/tenants/:tenantId/forgot-password should reject forgot password without email","invocations":1,"location":null,"numPassingAsserts":0,"retryReasons":[],"status":"passed","title":"should reject forgot password without email"},{"ancestorTitles":["Password Reset Flow","POST /api/tenants/:tenantId/reset-password"],"duration":5,"failureDetails":[],"failureMessages":[],"fullName":"Password Reset Flow POST /api/tenants/:tenantId/reset-password should reset password with valid token","invocations":1,"location":null,"numPassingAsserts":0,"retryReasons":[],"status":"passed","title":"should reset password with valid token"},{"ancestorTitles":["Password Reset Flow","POST /api/tenants/:tenantId/reset-password"],"duration":5,"failureDetails":[],"failureMessages":[],"fullName":"Password Reset Flow POST /api/tenants/:tenantId/reset-password should reject reset with invalid token","invocations":1,"location":null,"numPassingAsserts":0,"retryReasons":[],"status":"passed","title":"should reject reset with invalid token"},{"ancestorTitles":["Password Reset Flow","POST /api/tenants/:tenantId/reset-password"],"duration":6,"failureDetails":[],"failureMessages":[],"fullName":"Password Reset Flow POST /api/tenants/:tenantId/reset-password should reject reset with weak password","invocations":1,"location":null,"numPassingAsserts":0,"retryReasons":[],"status":"passed","title":"should reject reset with weak password"},{"ancestorTitles":["POST /api/register - Tenant Registration"],"duration":6,"failureDetails":[],"failureMessages":[],"fullName":"POST /api/register - Tenant Registration should register a new tenant with valid data","invocations":1,"location":null,"numPassingAsserts":0,"retryReasons":[],"status":"passed","title":"should register a new tenant with valid data"},{"ancestorTitles":["POST /api/register - Tenant Registration"],"duration":4,"failureDetails":[],"failureMessages":[],"fullName":"POST /api/register - Tenant Registration should reject registration with duplicate subdomain","invocations":1,"location":null,"numPassingAsserts":0,"retryReasons":[],"status":"passed","title":"should reject registration with duplicate subdomain"},{"ancestorTitles":["POST /api/register - Tenant Registration"],"duration":5,"failureDetails":[],"failureMessages":[],"fullName":"POST /api/register - Tenant Registration should reject registration with missing required fields","invocations":1,"location":null,"numPassingAsserts":0,"retryReasons":[],"status":"passed","title":"should reject registration with missing required fields"},{"ancestorTitles":["POST /api/register - Tenant Registration"],"duration":6,"failureDetails":[],"failureMessages":[],"fullName":"POST /api/register - Tenant Registration should reject registration with invalid email format","invocations":1,"location":null,"numPassingAsserts":0,"retryReasons":[],"status":"passed","title":"should reject registration with invalid email format"},{"ancestorTitles":["GET /api/check-subdomain/:subdomain - Subdomain Availability"],"duration":5,"failureDetails":[],"failureMessages":[],"fullName":"GET /api/check-subdomain/:subdomain - Subdomain Availability should return available for unused subdomain","invocations":1,"location":null,"numPassingAsserts":2,"retryReasons":[],"status":"passed","title":"should return available for unused subdomain"},{"ancestorTitles":["GET /api/check-subdomain/:subdomain - Subdomain Availability"],"duration":5,"failureDetails":[],"failureMessages":[],"fullName":"GET /api/check-subdomain/:subdomain - Subdomain Availability should return unavailable for existing subdomain","invocations":1,"location":null,"numPassingAsserts":2,"retryReasons":[],"status":"passed","title":"should return unavailable for existing subdomain"},{"ancestorTitles":["Rate Limiting"],"duration":76,"failureDetails":[],"failureMessages":[],"fullName":"Rate Limiting should rate limit excessive login attempts","invocations":1,"location":null,"numPassingAsserts":1,"retryReasons":[],"status":"passed","title":"should rate limit excessive login attempts"}],"endTime":1764260794898,"message":"","name":"D:\\projects\\travel-support-app -test\\conversion\\backend\\src\\tests\\integration\\auth.test.ts","startTime":1764260792116,"status":"passed","summary":""},{"assertionResults":[{"ancestorTitles":["GET /api/tenants/:tenantId/feedback"],"duration":113,"failureDetails":[],"failureMessages":[],"fullName":"GET /api/tenants/:tenantId/feedback should return feedback list with pagination","invocations":1,"location":null,"numPassingAsserts":5,"retryReasons":[],"status":"passed","title":"should return feedback list with pagination"},{"ancestorTitles":["GET /api/tenants/:tenantId/feedback"],"duration":17,"failureDetails":[],"failureMessages":[],"fullName":"GET /api/tenants/:tenantId/feedback should require authentication","invocations":1,"location":null,"numPassingAsserts":1,"retryReasons":[],"status":"passed","title":"should require authentication"},{"ancestorTitles":["GET /api/tenants/:tenantId/feedback"],"duration":10,"failureDetails":[],"failureMessages":[],"fullName":"GET /api/tenants/:tenantId/feedback should filter by status","invocations":1,"location":null,"numPassingAsserts":1,"retryReasons":[],"status":"passed","title":"should filter by status"},{"ancestorTitles":["GET /api/tenants/:tenantId/feedback/stats"],"duration":38,"failureDetails":[],"failureMessages":[],"fullName":"GET /api/tenants/:tenantId/feedback/stats should return feedback statistics","invocations":1,"location":null,"numPassingAsserts":4,"retryReasons":[],"status":"passed","title":"should return feedback statistics"},{"ancestorTitles":["POST /api/tenants/:tenantId/feedback"],"duration":12,"failureDetails":[],"failureMessages":[],"fullName":"POST /api/tenants/:tenantId/feedback should create new feedback","invocations":1,"location":null,"numPassingAsserts":2,"retryReasons":[],"status":"passed","title":"should create new feedback"},{"ancestorTitles":["POST /api/tenants/:tenantId/feedback"],"duration":15,"failureDetails":[],"failureMessages":[],"fullName":"POST /api/tenants/:tenantId/feedback should require customerId, feedbackType, subject, and description","invocations":1,"location":null,"numPassingAsserts":1,"retryReasons":[],"status":"passed","title":"should require customerId, feedbackType, subject, and description"},{"ancestorTitles":["GET /api/tenants/:tenantId/feedback/:feedbackId"],"duration":42,"failureDetails":[],"failureMessages":[],"fullName":"GET /api/tenants/:tenantId/feedback/:feedbackId should return single feedback record","invocations":1,"location":null,"numPassingAsserts":0,"retryReasons":[],"status":"passed","title":"should return single feedback record"},{"ancestorTitles":["GET /api/tenants/:tenantId/feedback/:feedbackId"],"duration":9,"failureDetails":[],"failureMessages":[],"fullName":"GET /api/tenants/:tenantId/feedback/:feedbackId should return 404 for non-existent feedback","invocations":1,"location":null,"numPassingAsserts":1,"retryReasons":[],"status":"passed","title":"should return 404 for non-existent feedback"},{"ancestorTitles":["PUT /api/tenants/:tenantId/feedback/:feedbackId/acknowledge"],"duration":28,"failureDetails":[],"failureMessages":[],"fullName":"PUT /api/tenants/:tenantId/feedback/:feedbackId/acknowledge should acknowledge feedback","invocations":1,"location":null,"numPassingAsserts":2,"retryReasons":[],"status":"passed","title":"should acknowledge feedback"},{"ancestorTitles":["PUT /api/tenants/:tenantId/feedback/:feedbackId/resolve"],"duration":9,"failureDetails":[],"failureMessages":[],"fullName":"PUT /api/tenants/:tenantId/feedback/:feedbackId/resolve should resolve feedback with resolution notes","invocations":1,"location":null,"numPassingAsserts":2,"retryReasons":[],"status":"passed","title":"should resolve feedback with resolution notes"},{"ancestorTitles":["PUT /api/tenants/:tenantId/feedback/:feedbackId/resolve"],"duration":9,"failureDetails":[],"failureMessages":[],"fullName":"PUT /api/tenants/:tenantId/feedback/:feedbackId/resolve should require resolution notes","invocations":1,"location":null,"numPassingAsserts":1,"retryReasons":[],"status":"passed","title":"should require resolution notes"},{"ancestorTitles":["PUT /api/tenants/:tenantId/feedback/:feedbackId/status"],"duration":9,"failureDetails":[],"failureMessages":[],"fullName":"PUT /api/tenants/:tenantId/feedback/:feedbackId/status should update feedback status","invocations":1,"location":null,"numPassingAsserts":2,"retryReasons":[],"status":"passed","title":"should update feedback status"},{"ancestorTitles":["PUT /api/tenants/:tenantId/feedback/:feedbackId/status"],"duration":13,"failureDetails":[],"failureMessages":[],"fullName":"PUT /api/tenants/:tenantId/feedback/:feedbackId/status should reject invalid status","invocations":1,"location":null,"numPassingAsserts":1,"retryReasons":[],"status":"passed","title":"should reject invalid status"},{"ancestorTitles":["DELETE /api/tenants/:tenantId/feedback/:feedbackId"],"duration":8,"failureDetails":[],"failureMessages":[],"fullName":"DELETE /api/tenants/:tenantId/feedback/:feedbackId should close feedback (soft delete)","invocations":1,"location":null,"numPassingAsserts":2,"retryReasons":[],"status":"passed","title":"should close feedback (soft delete)"},{"ancestorTitles":["GET /api/tenants/:tenantId/feedback/customer/:customerId"],"duration":9,"failureDetails":[],"failureMessages":[],"fullName":"GET /api/tenants/:tenantId/feedback/customer/:customerId should return feedback for specific customer","invocations":1,"location":null,"numPassingAsserts":2,"retryReasons":[],"status":"passed","title":"should return feedback for specific customer"},{"ancestorTitles":["Feedback Cross-Tenant Protection"],"duration":97,"failureDetails":[],"failureMessages":[],"fullName":"Feedback Cross-Tenant Protection should prevent accessing feedback from another tenant","invocations":1,"location":null,"numPassingAsserts":1,"retryReasons":[],"status":"passed","title":"should prevent accessing feedback from another tenant"}],"endTime":1764260796952,"message":"","name":"D:\\projects\\travel-support-app -test\\conversion\\backend\\src\\tests\\integration\\feedback.test.ts","startTime":1764260794917,"status":"passed","summary":""},{"assertionResults":[{"ancestorTitles":["GET /api/tenants/:tenantId/training"],"duration":81,"failureDetails":[],"failureMessages":[],"fullName":"GET /api/tenants/:tenantId/training should return training overview","invocations":1,"location":null,"numPassingAsserts":6,"retryReasons":[],"status":"passed","title":"should return training overview"},{"ancestorTitles":["GET /api/tenants/:tenantId/training"],"duration":25,"failureDetails":[],"failureMessages":[],"fullName":"GET /api/tenants/:tenantId/training should require authentication","invocations":1,"location":null,"numPassingAsserts":1,"retryReasons":[],"status":"passed","title":"should require authentication"},{"ancestorTitles":["GET /api/tenants/:tenantId/training-types"],"duration":7,"failureDetails":[],"failureMessages":[],"fullName":"GET /api/tenants/:tenantId/training-types should return training types","invocations":1,"location":null,"numPassingAsserts":3,"retryReasons":[],"status":"passed","title":"should return training types"},{"ancestorTitles":["POST /api/tenants/:tenantId/training-types"],"duration":22,"failureDetails":[],"failureMessages":[],"fullName":"POST /api/tenants/:tenantId/training-types should create a new training type","invocations":1,"location":null,"numPassingAsserts":0,"retryReasons":[],"status":"passed","title":"should create a new training type"},{"ancestorTitles":["POST /api/tenants/:tenantId/training-types"],"duration":6,"failureDetails":[],"failureMessages":[],"fullName":"POST /api/tenants/:tenantId/training-types should require name, category, and validityPeriod","invocations":1,"location":null,"numPassingAsserts":1,"retryReasons":[],"status":"passed","title":"should require name, category, and validityPeriod"},{"ancestorTitles":["PUT /api/tenants/:tenantId/training-types/:typeId"],"duration":2,"failureDetails":[],"failureMessages":[],"fullName":"PUT /api/tenants/:tenantId/training-types/:typeId should update training type","invocations":1,"location":null,"numPassingAsserts":0,"retryReasons":[],"status":"passed","title":"should update training type"},{"ancestorTitles":["PUT /api/tenants/:tenantId/training-types/:typeId"],"duration":7,"failureDetails":[],"failureMessages":[],"fullName":"PUT /api/tenants/:tenantId/training-types/:typeId should return 404 for non-existent type","invocations":1,"location":null,"numPassingAsserts":1,"retryReasons":[],"status":"passed","title":"should return 404 for non-existent type"},{"ancestorTitles":["DELETE /api/tenants/:tenantId/training-types/:typeId"],"duration":11,"failureDetails":[],"failureMessages":[],"fullName":"DELETE /api/tenants/:tenantId/training-types/:typeId should delete training type (soft delete)","invocations":1,"location":null,"numPassingAsserts":2,"retryReasons":[],"status":"passed","title":"should delete training type (soft delete)"},{"ancestorTitles":["GET /api/tenants/:tenantId/training-records"],"duration":9,"failureDetails":[],"failureMessages":[],"fullName":"GET /api/tenants/:tenantId/training-records should return training records with pagination","invocations":1,"location":null,"numPassingAsserts":4,"retryReasons":[],"status":"passed","title":"should return training records with pagination"},{"ancestorTitles":["GET /api/tenants/:tenantId/training-records"],"duration":8,"failureDetails":[],"failureMessages":[],"fullName":"GET /api/tenants/:tenantId/training-records should support pagination parameters","invocations":1,"location":null,"numPassingAsserts":3,"retryReasons":[],"status":"passed","title":"should support pagination parameters"},{"ancestorTitles":["POST /api/tenants/:tenantId/training-records"],"duration":2,"failureDetails":[],"failureMessages":[],"fullName":"POST /api/tenants/:tenantId/training-records should create a new training record","invocations":1,"location":null,"numPassingAsserts":0,"retryReasons":[],"status":"passed","title":"should create a new training record"},{"ancestorTitles":["POST /api/tenants/:tenantId/training-records"],"duration":5,"failureDetails":[],"failureMessages":[],"fullName":"POST /api/tenants/:tenantId/training-records should require driverId, trainingTypeId, and completedDate","invocations":1,"location":null,"numPassingAsserts":1,"retryReasons":[],"status":"passed","title":"should require driverId, trainingTypeId, and completedDate"},{"ancestorTitles":["PUT /api/tenants/:tenantId/training-records/:recordId"],"duration":2,"failureDetails":[],"failureMessages":[],"fullName":"PUT /api/tenants/:tenantId/training-records/:recordId should update training record","invocations":1,"location":null,"numPassingAsserts":0,"retryReasons":[],"status":"passed","title":"should update training record"},{"ancestorTitles":["DELETE /api/tenants/:tenantId/training-records/:recordId"],"duration":1,"failureDetails":[],"failureMessages":[],"fullName":"DELETE /api/tenants/:tenantId/training-records/:recordId should delete training record (archive)","invocations":1,"location":null,"numPassingAsserts":0,"retryReasons":[],"status":"passed","title":"should delete training record (archive)"},{"ancestorTitles":["GET /api/tenants/:tenantId/training-compliance"],"duration":50,"failureDetails":[],"failureMessages":[],"fullName":"GET /api/tenants/:tenantId/training-compliance should return driver compliance status","invocations":1,"location":null,"numPassingAsserts":4,"retryReasons":[],"status":"passed","title":"should return driver compliance status"},{"ancestorTitles":["Training Cross-Tenant Protection"],"duration":96,"failureDetails":[],"failureMessages":[],"fullName":"Training Cross-Tenant Protection should prevent accessing training from another tenant","invocations":1,"location":null,"numPassingAsserts":1,"retryReasons":[],"status":"passed","title":"should prevent accessing training from another tenant"}],"endTime":1764260798503,"message":"","name":"D:\\projects\\travel-support-app -test\\conversion\\backend\\src\\tests\\integration\\training.test.ts","startTime":1764260796975,"status":"passed","summary":""},{"assertionResults":[{"ancestorTitles":["GET /api/tenants/:tenantId/trips/server-time"],"duration":55,"failureDetails":[],"failureMessages":[],"fullName":"GET /api/tenants/:tenantId/trips/server-time should return server time information","invocations":1,"location":null,"numPassingAsserts":6,"retryReasons":[],"status":"passed","title":"should return server time information"},{"ancestorTitles":["GET /api/tenants/:tenantId/trips/server-time"],"duration":12,"failureDetails":[],"failureMessages":[],"fullName":"GET /api/tenants/:tenantId/trips/server-time should require authentication","invocations":1,"location":null,"numPassingAsserts":1,"retryReasons":[],"status":"passed","title":"should require authentication"},{"ancestorTitles":["GET /api/tenants/:tenantId/trips"],"duration":26,"failureDetails":[],"failureMessages":[],"fullName":"GET /api/tenants/:tenantId/trips should return list of trips","invocations":1,"location":null,"numPassingAsserts":4,"retryReasons":[],"status":"passed","title":"should return list of trips"},{"ancestorTitles":["GET /api/tenants/:tenantId/trips"],"duration":11,"failureDetails":[],"failureMessages":[],"fullName":"GET /api/tenants/:tenantId/trips should support limit and offset","invocations":1,"location":null,"numPassingAsserts":3,"retryReasons":[],"status":"passed","title":"should support limit and offset"},{"ancestorTitles":["GET /api/tenants/:tenantId/trips"],"duration":10,"failureDetails":[],"failureMessages":[],"fullName":"GET /api/tenants/:tenantId/trips should support filtering by status","invocations":1,"location":null,"numPassingAsserts":2,"retryReasons":[],"status":"passed","title":"should support filtering by status"},{"ancestorTitles":["GET /api/tenants/:tenantId/trips"],"duration":14,"failureDetails":[],"failureMessages":[],"fullName":"GET /api/tenants/:tenantId/trips should support filtering by driver","invocations":1,"location":null,"numPassingAsserts":2,"retryReasons":[],"status":"passed","title":"should support filtering by driver"},{"ancestorTitles":["GET /api/tenants/:tenantId/trips"],"duration":11,"failureDetails":[],"failureMessages":[],"fullName":"GET /api/tenants/:tenantId/trips should support filtering by customer","invocations":1,"location":null,"numPassingAsserts":2,"retryReasons":[],"status":"passed","title":"should support filtering by customer"},{"ancestorTitles":["GET /api/tenants/:tenantId/trips"],"duration":8,"failureDetails":[],"failureMessages":[],"fullName":"GET /api/tenants/:tenantId/trips should require authentication","invocations":1,"location":null,"numPassingAsserts":1,"retryReasons":[],"status":"passed","title":"should require authentication"},{"ancestorTitles":["GET /api/tenants/:tenantId/trips/today"],"duration":10,"failureDetails":[],"failureMessages":[],"fullName":"GET /api/tenants/:tenantId/trips/today should return today's trips","invocations":1,"location":null,"numPassingAsserts":4,"retryReasons":[],"status":"passed","title":"should return today's trips"},{"ancestorTitles":["GET /api/tenants/:tenantId/schedules/daily"],"duration":49,"failureDetails":[],"failureMessages":[],"fullName":"GET /api/tenants/:tenantId/schedules/daily should return daily schedule for a date","invocations":1,"location":null,"numPassingAsserts":0,"retryReasons":[],"status":"passed","title":"should return daily schedule for a date"},{"ancestorTitles":["GET /api/tenants/:tenantId/schedules/daily"],"duration":10,"failureDetails":[],"failureMessages":[],"fullName":"GET /api/tenants/:tenantId/schedules/daily should require date parameter","invocations":1,"location":null,"numPassingAsserts":1,"retryReasons":[],"status":"passed","title":"should require date parameter"},{"ancestorTitles":["GET /api/tenants/:tenantId/trips/:tripId"],"duration":8,"failureDetails":[],"failureMessages":[],"fullName":"GET /api/tenants/:tenantId/trips/:tripId should return a specific trip","invocations":1,"location":null,"numPassingAsserts":3,"retryReasons":[],"status":"passed","title":"should return a specific trip"},{"ancestorTitles":["GET /api/tenants/:tenantId/trips/:tripId"],"duration":9,"failureDetails":[],"failureMessages":[],"fullName":"GET /api/tenants/:tenantId/trips/:tripId should return 404 for non-existent trip","invocations":1,"location":null,"numPassingAsserts":1,"retryReasons":[],"status":"passed","title":"should return 404 for non-existent trip"},{"ancestorTitles":["POST /api/tenants/:tenantId/trips"],"duration":16,"failureDetails":[],"failureMessages":[],"fullName":"POST /api/tenants/:tenantId/trips should create a new trip with valid data","invocations":1,"location":null,"numPassingAsserts":0,"retryReasons":[],"status":"passed","title":"should create a new trip with valid data"},{"ancestorTitles":["POST /api/tenants/:tenantId/trips"],"duration":13,"failureDetails":[],"failureMessages":[],"fullName":"POST /api/tenants/:tenantId/trips should reject trip without required fields","invocations":1,"location":null,"numPassingAsserts":0,"retryReasons":[],"status":"passed","title":"should reject trip without required fields"},{"ancestorTitles":["PUT /api/tenants/:tenantId/trips/:tripId"],"duration":12,"failureDetails":[],"failureMessages":[],"fullName":"PUT /api/tenants/:tenantId/trips/:tripId should update an existing trip","invocations":1,"location":null,"numPassingAsserts":2,"retryReasons":[],"status":"passed","title":"should update an existing trip"},{"ancestorTitles":["PUT /api/tenants/:tenantId/trips/:tripId"],"duration":8,"failureDetails":[],"failureMessages":[],"fullName":"PUT /api/tenants/:tenantId/trips/:tripId should return 404 when updating non-existent trip","invocations":1,"location":null,"numPassingAsserts":1,"retryReasons":[],"status":"passed","title":"should return 404 when updating non-existent trip"},{"ancestorTitles":["DELETE /api/tenants/:tenantId/trips/:tripId"],"duration":10,"failureDetails":[],"failureMessages":[],"fullName":"DELETE /api/tenants/:tenantId/trips/:tripId should delete a trip","invocations":1,"location":null,"numPassingAsserts":3,"retryReasons":[],"status":"passed","title":"should delete a trip"},{"ancestorTitles":["DELETE /api/tenants/:tenantId/trips/:tripId"],"duration":7,"failureDetails":[],"failureMessages":[],"fullName":"DELETE /api/tenants/:tenantId/trips/:tripId should return 404 for already deleted trip","invocations":1,"location":null,"numPassingAsserts":1,"retryReasons":[],"status":"passed","title":"should return 404 for already deleted trip"},{"ancestorTitles":["POST /api/tenants/:tenantId/trips/check-conflicts"],"duration":7,"failureDetails":[],"failureMessages":[],"fullName":"POST /api/tenants/:tenantId/trips/check-conflicts should check for scheduling conflicts","invocations":1,"location":null,"numPassingAsserts":0,"retryReasons":[],"status":"passed","title":"should check for scheduling conflicts"},{"ancestorTitles":["Trip Cross-Tenant Protection"],"duration":96,"failureDetails":[],"failureMessages":[],"fullName":"Trip Cross-Tenant Protection should prevent accessing trips from another tenant","invocations":1,"location":null,"numPassingAsserts":1,"retryReasons":[],"status":"passed","title":"should prevent accessing trips from another tenant"}],"endTime":1764260800006,"message":"","name":"D:\\projects\\travel-support-app -test\\conversion\\backend\\src\\tests\\integration\\trip.test.ts","startTime":1764260798516,"status":"passed","summary":""},{"assertionResults":[{"ancestorTitles":["GDPR Data Export (Article 20)"],"duration":81,"failureDetails":[],"failureMessages":[],"fullName":"GDPR Data Export (Article 20) should export customer data as JSON","invocations":1,"location":null,"numPassingAsserts":1,"retryReasons":[],"status":"passed","title":"should export customer data as JSON"},{"ancestorTitles":["GDPR Data Export (Article 20)"],"duration":83,"failureDetails":[],"failureMessages":[],"fullName":"GDPR Data Export (Article 20) should require admin role for data export","invocations":1,"location":null,"numPassingAsserts":0,"retryReasons":[],"status":"passed","title":"should require admin role for data export"},{"ancestorTitles":["GDPR Data Export (Article 20)"],"duration":12,"failureDetails":[],"failureMessages":[],"fullName":"GDPR Data Export (Article 20) should return 404 for non-existent customer","invocations":1,"location":null,"numPassingAsserts":1,"retryReasons":[],"status":"passed","title":"should return 404 for non-existent customer"},{"ancestorTitles":["GDPR Data Deletion (Article 17)"],"duration":70,"failureDetails":[],"failureMessages":[],"fullName":"GDPR Data Deletion (Article 17) should delete/anonymize customer data with valid request","invocations":1,"location":null,"numPassingAsserts":0,"retryReasons":[],"status":"passed","title":"should delete/anonymize customer data with valid request"},{"ancestorTitles":["GDPR Data Deletion (Article 17)"],"duration":21,"failureDetails":[],"failureMessages":[],"fullName":"GDPR Data Deletion (Article 17) should require confirmDeletion flag","invocations":1,"location":null,"numPassingAsserts":2,"retryReasons":[],"status":"passed","title":"should require confirmDeletion flag"},{"ancestorTitles":["GDPR Data Deletion (Article 17)"],"duration":18,"failureDetails":[],"failureMessages":[],"fullName":"GDPR Data Deletion (Article 17) should require deletion reason","invocations":1,"location":null,"numPassingAsserts":1,"retryReasons":[],"status":"passed","title":"should require deletion reason"},{"ancestorTitles":["GDPR Data Deletion (Article 17)"],"duration":136,"failureDetails":[],"failureMessages":[],"fullName":"GDPR Data Deletion (Article 17) should require admin role for deletion","invocations":1,"location":null,"numPassingAsserts":0,"retryReasons":[],"status":"passed","title":"should require admin role for deletion"},{"ancestorTitles":["GDPR Audit Log"],"duration":42,"failureDetails":[],"failureMessages":[],"fullName":"GDPR Audit Log should log GDPR export requests","invocations":1,"location":null,"numPassingAsserts":5,"retryReasons":[],"status":"passed","title":"should log GDPR export requests"},{"ancestorTitles":["GDPR Audit Log"],"duration":7,"failureDetails":[],"failureMessages":[],"fullName":"GDPR Audit Log should include pagination in audit log response","invocations":1,"location":null,"numPassingAsserts":5,"retryReasons":[],"status":"passed","title":"should include pagination in audit log response"},{"ancestorTitles":["GDPR Cross-Tenant Protection"],"duration":101,"failureDetails":[],"failureMessages":[],"fullName":"GDPR Cross-Tenant Protection should prevent accessing other tenant customer data","invocations":1,"location":null,"numPassingAsserts":1,"retryReasons":[],"status":"passed","title":"should prevent accessing other tenant customer data"}],"endTime":1764260801957,"message":"","name":"D:\\projects\\travel-support-app -test\\conversion\\backend\\src\\tests\\integration\\gdpr.test.ts","startTime":1764260800030,"status":"passed","summary":""},{"assertionResults":[{"ancestorTitles":["GET /api/tenants/:tenantId/drivers"],"duration":14,"failureDetails":[],"failureMessages":[],"fullName":"GET /api/tenants/:tenantId/drivers should return list of drivers","invocations":1,"location":null,"numPassingAsserts":7,"retryReasons":[],"status":"passed","title":"should return list of drivers"},{"ancestorTitles":["GET /api/tenants/:tenantId/drivers"],"duration":8,"failureDetails":[],"failureMessages":[],"fullName":"GET /api/tenants/:tenantId/drivers should support pagination","invocations":1,"location":null,"numPassingAsserts":3,"retryReasons":[],"status":"passed","title":"should support pagination"},{"ancestorTitles":["GET /api/tenants/:tenantId/drivers"],"duration":31,"failureDetails":[],"failureMessages":[],"fullName":"GET /api/tenants/:tenantId/drivers should support search","invocations":1,"location":null,"numPassingAsserts":2,"retryReasons":[],"status":"passed","title":"should support search"},{"ancestorTitles":["GET /api/tenants/:tenantId/drivers"],"duration":9,"failureDetails":[],"failureMessages":[],"fullName":"GET /api/tenants/:tenantId/drivers should support employment type filter","invocations":1,"location":null,"numPassingAsserts":2,"retryReasons":[],"status":"passed","title":"should support employment type filter"},{"ancestorTitles":["GET /api/tenants/:tenantId/drivers"],"duration":13,"failureDetails":[],"failureMessages":[],"fullName":"GET /api/tenants/:tenantId/drivers should require authentication","invocations":1,"location":null,"numPassingAsserts":1,"retryReasons":[],"status":"passed","title":"should require authentication"},{"ancestorTitles":["GET /api/tenants/:tenantId/drivers/:driverId"],"duration":15,"failureDetails":[],"failureMessages":[],"fullName":"GET /api/tenants/:tenantId/drivers/:driverId should return a specific driver","invocations":1,"location":null,"numPassingAsserts":3,"retryReasons":[],"status":"passed","title":"should return a specific driver"},{"ancestorTitles":["GET /api/tenants/:tenantId/drivers/:driverId"],"duration":21,"failureDetails":[],"failureMessages":[],"fullName":"GET /api/tenants/:tenantId/drivers/:driverId should return 404 for non-existent driver","invocations":1,"location":null,"numPassingAsserts":1,"retryReasons":[],"status":"passed","title":"should return 404 for non-existent driver"},{"ancestorTitles":["POST /api/tenants/:tenantId/drivers"],"duration":15,"failureDetails":[],"failureMessages":[],"fullName":"POST /api/tenants/:tenantId/drivers should create a new driver with valid data","invocations":1,"location":null,"numPassingAsserts":0,"retryReasons":[],"status":"passed","title":"should create a new driver with valid data"},{"ancestorTitles":["POST /api/tenants/:tenantId/drivers"],"duration":9,"failureDetails":[],"failureMessages":[],"fullName":"POST /api/tenants/:tenantId/drivers should reject driver without name","invocations":1,"location":null,"numPassingAsserts":0,"retryReasons":[],"status":"passed","title":"should reject driver without name"},{"ancestorTitles":["POST /api/tenants/:tenantId/drivers"],"duration":9,"failureDetails":[],"failureMessages":[],"fullName":"POST /api/tenants/:tenantId/drivers should reject driver with invalid email","invocations":1,"location":null,"numPassingAsserts":0,"retryReasons":[],"status":"passed","title":"should reject driver with invalid email"},{"ancestorTitles":["PUT /api/tenants/:tenantId/drivers/:driverId"],"duration":11,"failureDetails":[],"failureMessages":[],"fullName":"PUT /api/tenants/:tenantId/drivers/:driverId should update an existing driver","invocations":1,"location":null,"numPassingAsserts":2,"retryReasons":[],"status":"passed","title":"should update an existing driver"},{"ancestorTitles":["PUT /api/tenants/:tenantId/drivers/:driverId"],"duration":8,"failureDetails":[],"failureMessages":[],"fullName":"PUT /api/tenants/:tenantId/drivers/:driverId should return 404 when updating non-existent driver","invocations":1,"location":null,"numPassingAsserts":1,"retryReasons":[],"status":"passed","title":"should return 404 when updating non-existent driver"},{"ancestorTitles":["DELETE /api/tenants/:tenantId/drivers/:driverId"],"duration":9,"failureDetails":[],"failureMessages":[],"fullName":"DELETE /api/tenants/:tenantId/drivers/:driverId should soft delete a driver","invocations":1,"location":null,"numPassingAsserts":3,"retryReasons":[],"status":"passed","title":"should soft delete a driver"},{"ancestorTitles":["DELETE /api/tenants/:tenantId/drivers/:driverId"],"duration":8,"failureDetails":[],"failureMessages":[],"fullName":"DELETE /api/tenants/:tenantId/drivers/:driverId should handle deleting already deleted driver","invocations":1,"location":null,"numPassingAsserts":1,"retryReasons":[],"status":"passed","title":"should handle deleting already deleted driver"},{"ancestorTitles":["GET /api/tenants/:tenantId/drivers/stats"],"duration":28,"failureDetails":[],"failureMessages":[],"fullName":"GET /api/tenants/:tenantId/drivers/stats should return driver statistics","invocations":1,"location":null,"numPassingAsserts":3,"retryReasons":[],"status":"passed","title":"should return driver statistics"},{"ancestorTitles":["GET /api/tenants/:tenantId/drivers/enhanced-stats"],"duration":45,"failureDetails":[],"failureMessages":[],"fullName":"GET /api/tenants/:tenantId/drivers/enhanced-stats should return enhanced driver statistics","invocations":1,"location":null,"numPassingAsserts":4,"retryReasons":[],"status":"passed","title":"should return enhanced driver statistics"},{"ancestorTitles":["GET /api/tenants/:tenantId/drivers/export"],"duration":13,"failureDetails":[],"failureMessages":[],"fullName":"GET /api/tenants/:tenantId/drivers/export should export drivers as CSV","invocations":1,"location":null,"numPassingAsserts":4,"retryReasons":[],"status":"passed","title":"should export drivers as CSV"},{"ancestorTitles":["Driver Login Management"],"duration":105,"failureDetails":[],"failureMessages":[],"fullName":"Driver Login Management should enable driver login","invocations":1,"location":null,"numPassingAsserts":3,"retryReasons":[],"status":"passed","title":"should enable driver login"},{"ancestorTitles":["Driver Login Management"],"duration":7,"failureDetails":[],"failureMessages":[],"fullName":"Driver Login Management should get driver login status","invocations":1,"location":null,"numPassingAsserts":3,"retryReasons":[],"status":"passed","title":"should get driver login status"},{"ancestorTitles":["Driver Login Management"],"duration":7,"failureDetails":[],"failureMessages":[],"fullName":"Driver Login Management should check username availability","invocations":1,"location":null,"numPassingAsserts":3,"retryReasons":[],"status":"passed","title":"should check username availability"},{"ancestorTitles":["Driver Login Management"],"duration":81,"failureDetails":[],"failureMessages":[],"fullName":"Driver Login Management should disable driver login","invocations":1,"location":null,"numPassingAsserts":3,"retryReasons":[],"status":"passed","title":"should disable driver login"},{"ancestorTitles":["Driver Cross-Tenant Protection"],"duration":99,"failureDetails":[],"failureMessages":[],"fullName":"Driver Cross-Tenant Protection should prevent accessing drivers from another tenant","invocations":1,"location":null,"numPassingAsserts":1,"retryReasons":[],"status":"passed","title":"should prevent accessing drivers from another tenant"}],"endTime":1764260803967,"message":"","name":"D:\\projects\\travel-support-app -test\\conversion\\backend\\src\\tests\\integration\\driver.test.ts","startTime":1764260802260,"status":"passed","summary":""},{"assertionResults":[{"ancestorTitles":["Vehicle CRUD Operations","POST /api/tenants/:tenantId/vehicles"],"duration":53,"failureDetails":[],"failureMessages":[],"fullName":"Vehicle CRUD Operations POST /api/tenants/:tenantId/vehicles should create a new vehicle with valid data","invocations":1,"location":null,"numPassingAsserts":4,"retryReasons":[],"status":"passed","title":"should create a new vehicle with valid data"},{"ancestorTitles":["Vehicle CRUD Operations","POST /api/tenants/:tenantId/vehicles"],"duration":36,"failureDetails":[],"failureMessages":[],"fullName":"Vehicle CRUD Operations POST /api/tenants/:tenantId/vehicles should reject vehicle creation without required fields","invocations":1,"location":null,"numPassingAsserts":2,"retryReasons":[],"status":"passed","title":"should reject vehicle creation without required fields"},{"ancestorTitles":["Vehicle CRUD Operations","POST /api/tenants/:tenantId/vehicles"],"duration":14,"failureDetails":[],"failureMessages":[],"fullName":"Vehicle CRUD Operations POST /api/tenants/:tenantId/vehicles should reject duplicate registration","invocations":1,"location":null,"numPassingAsserts":2,"retryReasons":[],"status":"passed","title":"should reject duplicate registration"},{"ancestorTitles":["Vehicle CRUD Operations","POST /api/tenants/:tenantId/vehicles"],"duration":6,"failureDetails":[],"failureMessages":[],"fullName":"Vehicle CRUD Operations POST /api/tenants/:tenantId/vehicles should reject vehicle creation without authentication","invocations":1,"location":null,"numPassingAsserts":1,"retryReasons":[],"status":"passed","title":"should reject vehicle creation without authentication"},{"ancestorTitles":["Vehicle CRUD Operations","GET /api/tenants/:tenantId/vehicles"],"duration":8,"failureDetails":[],"failureMessages":[],"fullName":"Vehicle CRUD Operations GET /api/tenants/:tenantId/vehicles should return list of vehicles","invocations":1,"location":null,"numPassingAsserts":2,"retryReasons":[],"status":"passed","title":"should return list of vehicles"},{"ancestorTitles":["Vehicle CRUD Operations","GET /api/tenants/:tenantId/vehicles"],"duration":7,"failureDetails":[],"failureMessages":[],"fullName":"Vehicle CRUD Operations GET /api/tenants/:tenantId/vehicles should filter vehicles by ownership","invocations":1,"location":null,"numPassingAsserts":2,"retryReasons":[],"status":"passed","title":"should filter vehicles by ownership"},{"ancestorTitles":["Vehicle CRUD Operations","GET /api/tenants/:tenantId/vehicles"],"duration":14,"failureDetails":[],"failureMessages":[],"fullName":"Vehicle CRUD Operations GET /api/tenants/:tenantId/vehicles should filter vehicles by archived status","invocations":1,"location":null,"numPassingAsserts":0,"retryReasons":[],"status":"passed","title":"should filter vehicles by archived status"},{"ancestorTitles":["Vehicle CRUD Operations","GET /api/tenants/:tenantId/vehicles"],"duration":12,"failureDetails":[],"failureMessages":[],"fullName":"Vehicle CRUD Operations GET /api/tenants/:tenantId/vehicles should reject request without authentication","invocations":1,"location":null,"numPassingAsserts":1,"retryReasons":[],"status":"passed","title":"should reject request without authentication"},{"ancestorTitles":["Vehicle CRUD Operations","GET /api/tenants/:tenantId/vehicles/:vehicleId"],"duration":8,"failureDetails":[],"failureMessages":[],"fullName":"Vehicle CRUD Operations GET /api/tenants/:tenantId/vehicles/:vehicleId should return specific vehicle","invocations":1,"location":null,"numPassingAsserts":2,"retryReasons":[],"status":"passed","title":"should return specific vehicle"},{"ancestorTitles":["Vehicle CRUD Operations","GET /api/tenants/:tenantId/vehicles/:vehicleId"],"duration":8,"failureDetails":[],"failureMessages":[],"fullName":"Vehicle CRUD Operations GET /api/tenants/:tenantId/vehicles/:vehicleId should return 404 for non-existent vehicle","invocations":1,"location":null,"numPassingAsserts":1,"retryReasons":[],"status":"passed","title":"should return 404 for non-existent vehicle"},{"ancestorTitles":["Vehicle CRUD Operations","PUT /api/tenants/:tenantId/vehicles/:vehicleId"],"duration":11,"failureDetails":[],"failureMessages":[],"fullName":"Vehicle CRUD Operations PUT /api/tenants/:tenantId/vehicles/:vehicleId should update vehicle","invocations":1,"location":null,"numPassingAsserts":2,"retryReasons":[],"status":"passed","title":"should update vehicle"},{"ancestorTitles":["Vehicle CRUD Operations","PUT /api/tenants/:tenantId/vehicles/:vehicleId"],"duration":7,"failureDetails":[],"failureMessages":[],"fullName":"Vehicle CRUD Operations PUT /api/tenants/:tenantId/vehicles/:vehicleId should return 404 for non-existent vehicle","invocations":1,"location":null,"numPassingAsserts":1,"retryReasons":[],"status":"passed","title":"should return 404 for non-existent vehicle"},{"ancestorTitles":["Vehicle CRUD Operations","PUT /api/tenants/:tenantId/vehicles/:vehicleId"],"duration":8,"failureDetails":[],"failureMessages":[],"fullName":"Vehicle CRUD Operations PUT /api/tenants/:tenantId/vehicles/:vehicleId should reject update with no valid fields","invocations":1,"location":null,"numPassingAsserts":1,"retryReasons":[],"status":"passed","title":"should reject update with no valid fields"},{"ancestorTitles":["Vehicle CRUD Operations","DELETE /api/tenants/:tenantId/vehicles/:vehicleId"],"duration":16,"failureDetails":[],"failureMessages":[],"fullName":"Vehicle CRUD Operations DELETE /api/tenants/:tenantId/vehicles/:vehicleId should soft delete vehicle","invocations":1,"location":null,"numPassingAsserts":2,"retryReasons":[],"status":"passed","title":"should soft delete vehicle"},{"ancestorTitles":["Vehicle CRUD Operations","DELETE /api/tenants/:tenantId/vehicles/:vehicleId"],"duration":7,"failureDetails":[],"failureMessages":[],"fullName":"Vehicle CRUD Operations DELETE /api/tenants/:tenantId/vehicles/:vehicleId should return 404 for non-existent vehicle","invocations":1,"location":null,"numPassingAsserts":1,"retryReasons":[],"status":"passed","title":"should return 404 for non-existent vehicle"},{"ancestorTitles":["Vehicle Driver Assignment","PUT /api/tenants/:tenantId/vehicles/:vehicleId/assign"],"duration":9,"failureDetails":[],"failureMessages":[],"fullName":"Vehicle Driver Assignment PUT /api/tenants/:tenantId/vehicles/:vehicleId/assign should assign driver to vehicle","invocations":1,"location":null,"numPassingAsserts":3,"retryReasons":[],"status":"passed","title":"should assign driver to vehicle"},{"ancestorTitles":["Vehicle Driver Assignment","PUT /api/tenants/:tenantId/vehicles/:vehicleId/assign"],"duration":10,"failureDetails":[],"failureMessages":[],"fullName":"Vehicle Driver Assignment PUT /api/tenants/:tenantId/vehicles/:vehicleId/assign should unassign driver from vehicle","invocations":1,"location":null,"numPassingAsserts":2,"retryReasons":[],"status":"passed","title":"should unassign driver from vehicle"},{"ancestorTitles":["Vehicle Driver Assignment","PUT /api/tenants/:tenantId/vehicles/:vehicleId/assign"],"duration":8,"failureDetails":[],"failureMessages":[],"fullName":"Vehicle Driver Assignment PUT /api/tenants/:tenantId/vehicles/:vehicleId/assign should return error for non-existent driver","invocations":1,"location":null,"numPassingAsserts":1,"retryReasons":[],"status":"passed","title":"should return error for non-existent driver"},{"ancestorTitles":["Vehicle Driver Assignment","POST /api/tenants/:tenantId/vehicles/sync-drivers"],"duration":23,"failureDetails":[],"failureMessages":[],"fullName":"Vehicle Driver Assignment POST /api/tenants/:tenantId/vehicles/sync-drivers should sync vehicle-driver assignments","invocations":1,"location":null,"numPassingAsserts":3,"retryReasons":[],"status":"passed","title":"should sync vehicle-driver assignments"},{"ancestorTitles":["Vehicle Maintenance Alerts","GET /api/tenants/:tenantId/vehicles/maintenance-alerts"],"duration":19,"failureDetails":[],"failureMessages":[],"fullName":"Vehicle Maintenance Alerts GET /api/tenants/:tenantId/vehicles/maintenance-alerts should return maintenance alerts","invocations":1,"location":null,"numPassingAsserts":0,"retryReasons":[],"status":"passed","title":"should return maintenance alerts"},{"ancestorTitles":["Vehicle Maintenance Alerts","GET /api/tenants/:tenantId/vehicles/maintenance-alerts"],"duration":8,"failureDetails":[],"failureMessages":[],"fullName":"Vehicle Maintenance Alerts GET /api/tenants/:tenantId/vehicles/maintenance-alerts should accept days parameter","invocations":1,"location":null,"numPassingAsserts":0,"retryReasons":[],"status":"passed","title":"should accept days parameter"},{"ancestorTitles":["Vehicle Statistics and Utilization","GET /api/tenants/:tenantId/vehicles/enhanced-stats"],"duration":7,"failureDetails":[],"failureMessages":[],"fullName":"Vehicle Statistics and Utilization GET /api/tenants/:tenantId/vehicles/enhanced-stats should return enhanced fleet statistics","invocations":1,"location":null,"numPassingAsserts":0,"retryReasons":[],"status":"passed","title":"should return enhanced fleet statistics"},{"ancestorTitles":["Vehicle Statistics and Utilization","GET /api/tenants/:tenantId/vehicles/fleet-utilization"],"duration":11,"failureDetails":[],"failureMessages":[],"fullName":"Vehicle Statistics and Utilization GET /api/tenants/:tenantId/vehicles/fleet-utilization should return fleet utilization report","invocations":1,"location":null,"numPassingAsserts":0,"retryReasons":[],"status":"passed","title":"should return fleet utilization report"},{"ancestorTitles":["Vehicle Statistics and Utilization","GET /api/tenants/:tenantId/vehicles/fleet-utilization"],"duration":8,"failureDetails":[],"failureMessages":[],"fullName":"Vehicle Statistics and Utilization GET /api/tenants/:tenantId/vehicles/fleet-utilization should support sorting parameters","invocations":1,"location":null,"numPassingAsserts":0,"retryReasons":[],"status":"passed","title":"should support sorting parameters"},{"ancestorTitles":["Vehicle Statistics and Utilization","GET /api/tenants/:tenantId/vehicles/idle-report"],"duration":8,"failureDetails":[],"failureMessages":[],"fullName":"Vehicle Statistics and Utilization GET /api/tenants/:tenantId/vehicles/idle-report should return idle vehicles report","invocations":1,"location":null,"numPassingAsserts":0,"retryReasons":[],"status":"passed","title":"should return idle vehicles report"},{"ancestorTitles":["Vehicle Archive Operations","PUT /api/tenants/:tenantId/vehicles/:vehicleId/archive"],"duration":8,"failureDetails":[],"failureMessages":[],"fullName":"Vehicle Archive Operations PUT /api/tenants/:tenantId/vehicles/:vehicleId/archive should archive a vehicle","invocations":1,"location":null,"numPassingAsserts":0,"retryReasons":[],"status":"passed","title":"should archive a vehicle"},{"ancestorTitles":["Vehicle Archive Operations","PUT /api/tenants/:tenantId/vehicles/:vehicleId/archive"],"duration":1,"failureDetails":[],"failureMessages":[],"fullName":"Vehicle Archive Operations PUT /api/tenants/:tenantId/vehicles/:vehicleId/archive should reject archiving already archived vehicle","invocations":1,"location":null,"numPassingAsserts":0,"retryReasons":[],"status":"passed","title":"should reject archiving already archived vehicle"},{"ancestorTitles":["Vehicle Archive Operations","PUT /api/tenants/:tenantId/vehicles/:vehicleId/unarchive"],"duration":1,"failureDetails":[],"failureMessages":[],"fullName":"Vehicle Archive Operations PUT /api/tenants/:tenantId/vehicles/:vehicleId/unarchive should unarchive a vehicle","invocations":1,"location":null,"numPassingAsserts":0,"retryReasons":[],"status":"passed","title":"should unarchive a vehicle"},{"ancestorTitles":["Vehicle Archive Operations","PUT /api/tenants/:tenantId/vehicles/:vehicleId/unarchive"],"duration":1,"failureDetails":[],"failureMessages":[],"fullName":"Vehicle Archive Operations PUT /api/tenants/:tenantId/vehicles/:vehicleId/unarchive should reject unarchiving non-archived vehicle","invocations":1,"location":null,"numPassingAsserts":0,"retryReasons":[],"status":"passed","title":"should reject unarchiving non-archived vehicle"},{"ancestorTitles":["Vehicle Incidents","POST /api/tenants/:tenantId/vehicles/incidents"],"duration":12,"failureDetails":[],"failureMessages":[],"fullName":"Vehicle Incidents POST /api/tenants/:tenantId/vehicles/incidents should create an incident","invocations":1,"location":null,"numPassingAsserts":2,"retryReasons":[],"status":"passed","title":"should create an incident"},{"ancestorTitles":["Vehicle Incidents","POST /api/tenants/:tenantId/vehicles/incidents"],"duration":8,"failureDetails":[],"failureMessages":[],"fullName":"Vehicle Incidents POST /api/tenants/:tenantId/vehicles/incidents should reject incident without required fields","invocations":1,"location":null,"numPassingAsserts":1,"retryReasons":[],"status":"passed","title":"should reject incident without required fields"},{"ancestorTitles":["Vehicle Incidents","GET /api/tenants/:tenantId/vehicles/incidents"],"duration":7,"failureDetails":[],"failureMessages":[],"fullName":"Vehicle Incidents GET /api/tenants/:tenantId/vehicles/incidents should return list of incidents","invocations":1,"location":null,"numPassingAsserts":0,"retryReasons":[],"status":"passed","title":"should return list of incidents"},{"ancestorTitles":["Vehicle Incidents","GET /api/tenants/:tenantId/vehicles/incidents"],"duration":7,"failureDetails":[],"failureMessages":[],"fullName":"Vehicle Incidents GET /api/tenants/:tenantId/vehicles/incidents should filter incidents by vehicle","invocations":1,"location":null,"numPassingAsserts":0,"retryReasons":[],"status":"passed","title":"should filter incidents by vehicle"},{"ancestorTitles":["Vehicle Incidents","GET /api/tenants/:tenantId/vehicles/incidents/:incidentId"],"duration":11,"failureDetails":[],"failureMessages":[],"fullName":"Vehicle Incidents GET /api/tenants/:tenantId/vehicles/incidents/:incidentId should return specific incident","invocations":1,"location":null,"numPassingAsserts":2,"retryReasons":[],"status":"passed","title":"should return specific incident"},{"ancestorTitles":["Vehicle Incidents","GET /api/tenants/:tenantId/vehicles/incidents/:incidentId"],"duration":7,"failureDetails":[],"failureMessages":[],"fullName":"Vehicle Incidents GET /api/tenants/:tenantId/vehicles/incidents/:incidentId should return 404 for non-existent incident","invocations":1,"location":null,"numPassingAsserts":1,"retryReasons":[],"status":"passed","title":"should return 404 for non-existent incident"},{"ancestorTitles":["Vehicle Incidents","PUT /api/tenants/:tenantId/vehicles/incidents/:incidentId"],"duration":8,"failureDetails":[],"failureMessages":[],"fullName":"Vehicle Incidents PUT /api/tenants/:tenantId/vehicles/incidents/:incidentId should update incident","invocations":1,"location":null,"numPassingAsserts":2,"retryReasons":[],"status":"passed","title":"should update incident"},{"ancestorTitles":["Vehicle Incidents","GET /api/tenants/:tenantId/vehicles/incidents/stats"],"duration":8,"failureDetails":[],"failureMessages":[],"fullName":"Vehicle Incidents GET /api/tenants/:tenantId/vehicles/incidents/stats should return incident statistics","invocations":1,"location":null,"numPassingAsserts":0,"retryReasons":[],"status":"passed","title":"should return incident statistics"},{"ancestorTitles":["Vehicle Incidents","DELETE /api/tenants/:tenantId/vehicles/incidents/:incidentId"],"duration":7,"failureDetails":[],"failureMessages":[],"fullName":"Vehicle Incidents DELETE /api/tenants/:tenantId/vehicles/incidents/:incidentId should delete incident","invocations":1,"location":null,"numPassingAsserts":2,"retryReasons":[],"status":"passed","title":"should delete incident"},{"ancestorTitles":["Tenant Isolation"],"duration":8,"failureDetails":[],"failureMessages":[],"fullName":"Tenant Isolation should not allow access to another tenant's vehicles","invocations":1,"location":null,"numPassingAsserts":1,"retryReasons":[],"status":"passed","title":"should not allow access to another tenant's vehicles"},{"ancestorTitles":["Tenant Isolation"],"duration":11,"failureDetails":[],"failureMessages":[],"fullName":"Tenant Isolation should not allow updating another tenant's vehicle","invocations":1,"location":null,"numPassingAsserts":1,"retryReasons":[],"status":"passed","title":"should not allow updating another tenant's vehicle"}],"endTime":1764260805660,"message":"","name":"D:\\projects\\travel-support-app -test\\conversion\\backend\\src\\tests\\integration\\vehicle.test.ts","startTime":1764260803999,"status":"passed","summary":""},{"assertionResults":[{"ancestorTitles":["GET /api/tenants/:tenantId/invoices/stats"],"duration":118,"failureDetails":[],"failureMessages":[],"fullName":"GET /api/tenants/:tenantId/invoices/stats should return invoice statistics","invocations":1,"location":null,"numPassingAsserts":6,"retryReasons":[],"status":"passed","title":"should return invoice statistics"},{"ancestorTitles":["GET /api/tenants/:tenantId/invoices/stats"],"duration":22,"failureDetails":[],"failureMessages":[],"fullName":"GET /api/tenants/:tenantId/invoices/stats should require authentication","invocations":1,"location":null,"numPassingAsserts":1,"retryReasons":[],"status":"passed","title":"should require authentication"},{"ancestorTitles":["GET /api/tenants/:tenantId/invoices"],"duration":10,"failureDetails":[],"failureMessages":[],"fullName":"GET /api/tenants/:tenantId/invoices should return list of invoices","invocations":1,"location":null,"numPassingAsserts":2,"retryReasons":[],"status":"passed","title":"should return list of invoices"},{"ancestorTitles":["GET /api/tenants/:tenantId/invoices"],"duration":12,"failureDetails":[],"failureMessages":[],"fullName":"GET /api/tenants/:tenantId/invoices should support status filter","invocations":1,"location":null,"numPassingAsserts":2,"retryReasons":[],"status":"passed","title":"should support status filter"},{"ancestorTitles":["GET /api/tenants/:tenantId/invoices"],"duration":8,"failureDetails":[],"failureMessages":[],"fullName":"GET /api/tenants/:tenantId/invoices should support archived filter","invocations":1,"location":null,"numPassingAsserts":2,"retryReasons":[],"status":"passed","title":"should support archived filter"},{"ancestorTitles":["GET /api/tenants/:tenantId/invoices"],"duration":7,"failureDetails":[],"failureMessages":[],"fullName":"GET /api/tenants/:tenantId/invoices should require authentication","invocations":1,"location":null,"numPassingAsserts":1,"retryReasons":[],"status":"passed","title":"should require authentication"},{"ancestorTitles":["GET /api/tenants/:tenantId/invoices/:invoiceId"],"duration":10,"failureDetails":[],"failureMessages":[],"fullName":"GET /api/tenants/:tenantId/invoices/:invoiceId should return a specific invoice with line items","invocations":1,"location":null,"numPassingAsserts":4,"retryReasons":[],"status":"passed","title":"should return a specific invoice with line items"},{"ancestorTitles":["GET /api/tenants/:tenantId/invoices/:invoiceId"],"duration":27,"failureDetails":[],"failureMessages":[],"fullName":"GET /api/tenants/:tenantId/invoices/:invoiceId should return 404 for non-existent invoice","invocations":1,"location":null,"numPassingAsserts":1,"retryReasons":[],"status":"passed","title":"should return 404 for non-existent invoice"},{"ancestorTitles":["PUT /api/tenants/:tenantId/invoices/:invoiceId/status"],"duration":12,"failureDetails":[],"failureMessages":[],"fullName":"PUT /api/tenants/:tenantId/invoices/:invoiceId/status should update invoice status","invocations":1,"location":null,"numPassingAsserts":3,"retryReasons":[],"status":"passed","title":"should update invoice status"},{"ancestorTitles":["PUT /api/tenants/:tenantId/invoices/:invoiceId/status"],"duration":14,"failureDetails":[],"failureMessages":[],"fullName":"PUT /api/tenants/:tenantId/invoices/:invoiceId/status should reject invalid status","invocations":1,"location":null,"numPassingAsserts":1,"retryReasons":[],"status":"passed","title":"should reject invalid status"},{"ancestorTitles":["POST /api/tenants/:tenantId/invoices/:invoiceId/payment"],"duration":13,"failureDetails":[],"failureMessages":[],"fullName":"POST /api/tenants/:tenantId/invoices/:invoiceId/payment should record a payment","invocations":1,"location":null,"numPassingAsserts":2,"retryReasons":[],"status":"passed","title":"should record a payment"},{"ancestorTitles":["POST /api/tenants/:tenantId/invoices/:invoiceId/payment"],"duration":10,"failureDetails":[],"failureMessages":[],"fullName":"POST /api/tenants/:tenantId/invoices/:invoiceId/payment should mark invoice as paid when fully paid","invocations":1,"location":null,"numPassingAsserts":3,"retryReasons":[],"status":"passed","title":"should mark invoice as paid when fully paid"},{"ancestorTitles":["POST /api/tenants/:tenantId/invoices/:invoiceId/payment"],"duration":8,"failureDetails":[],"failureMessages":[],"fullName":"POST /api/tenants/:tenantId/invoices/:invoiceId/payment should require amount and payment_date","invocations":1,"location":null,"numPassingAsserts":1,"retryReasons":[],"status":"passed","title":"should require amount and payment_date"},{"ancestorTitles":["DELETE /api/tenants/:tenantId/invoices/:invoiceId"],"duration":20,"failureDetails":[],"failureMessages":[],"fullName":"DELETE /api/tenants/:tenantId/invoices/:invoiceId should delete a draft invoice","invocations":1,"location":null,"numPassingAsserts":3,"retryReasons":[],"status":"passed","title":"should delete a draft invoice"},{"ancestorTitles":["DELETE /api/tenants/:tenantId/invoices/:invoiceId"],"duration":16,"failureDetails":[],"failureMessages":[],"fullName":"DELETE /api/tenants/:tenantId/invoices/:invoiceId should not delete a sent invoice","invocations":1,"location":null,"numPassingAsserts":1,"retryReasons":[],"status":"passed","title":"should not delete a sent invoice"},{"ancestorTitles":["DELETE /api/tenants/:tenantId/invoices/:invoiceId"],"duration":9,"failureDetails":[],"failureMessages":[],"fullName":"DELETE /api/tenants/:tenantId/invoices/:invoiceId should return 404 for already deleted invoice","invocations":1,"location":null,"numPassingAsserts":1,"retryReasons":[],"status":"passed","title":"should return 404 for already deleted invoice"},{"ancestorTitles":["Invoice Archive Operations"],"duration":8,"failureDetails":[],"failureMessages":[],"fullName":"Invoice Archive Operations should archive an invoice","invocations":1,"location":null,"numPassingAsserts":3,"retryReasons":[],"status":"passed","title":"should archive an invoice"},{"ancestorTitles":["Invoice Archive Operations"],"duration":8,"failureDetails":[],"failureMessages":[],"fullName":"Invoice Archive Operations should unarchive an invoice","invocations":1,"location":null,"numPassingAsserts":3,"retryReasons":[],"status":"passed","title":"should unarchive an invoice"},{"ancestorTitles":["Invoice Line Items"],"duration":14,"failureDetails":[],"failureMessages":[],"fullName":"Invoice Line Items should add a line item to an invoice","invocations":1,"location":null,"numPassingAsserts":0,"retryReasons":[],"status":"passed","title":"should add a line item to an invoice"},{"ancestorTitles":["Invoice Line Items"],"duration":1,"failureDetails":[],"failureMessages":[],"fullName":"Invoice Line Items should update a line item","invocations":1,"location":null,"numPassingAsserts":0,"retryReasons":[],"status":"passed","title":"should update a line item"},{"ancestorTitles":["Invoice Line Items"],"duration":2,"failureDetails":[],"failureMessages":[],"fullName":"Invoice Line Items should delete a line item","invocations":1,"location":null,"numPassingAsserts":0,"retryReasons":[],"status":"passed","title":"should delete a line item"},{"ancestorTitles":["Invoice Line Items"],"duration":9,"failureDetails":[],"failureMessages":[],"fullName":"Invoice Line Items should require description, quantity, and unit_price","invocations":1,"location":null,"numPassingAsserts":1,"retryReasons":[],"status":"passed","title":"should require description, quantity, and unit_price"},{"ancestorTitles":["Invoice Payment Providers"],"duration":18,"failureDetails":[],"failureMessages":[],"fullName":"Invoice Payment Providers should return list of payment providers","invocations":1,"location":null,"numPassingAsserts":3,"retryReasons":[],"status":"passed","title":"should return list of payment providers"},{"ancestorTitles":["Invoice Cross-Tenant Protection"],"duration":95,"failureDetails":[],"failureMessages":[],"fullName":"Invoice Cross-Tenant Protection should prevent accessing invoices from another tenant","invocations":1,"location":null,"numPassingAsserts":1,"retryReasons":[],"status":"passed","title":"should prevent accessing invoices from another tenant"}],"endTime":1764260807555,"message":"","name":"D:\\projects\\travel-support-app -test\\conversion\\backend\\src\\tests\\integration\\invoice.test.ts","startTime":1764260805676,"status":"passed","summary":""},{"assertionResults":[{"ancestorTitles":["GET /api/tenants/:tenantId/maintenance/overview"],"duration":20,"failureDetails":[],"failureMessages":[],"fullName":"GET /api/tenants/:tenantId/maintenance/overview should return maintenance overview","invocations":1,"location":null,"numPassingAsserts":5,"retryReasons":[],"status":"passed","title":"should return maintenance overview"},{"ancestorTitles":["GET /api/tenants/:tenantId/maintenance/overview"],"duration":10,"failureDetails":[],"failureMessages":[],"fullName":"GET /api/tenants/:tenantId/maintenance/overview should require authentication","invocations":1,"location":null,"numPassingAsserts":1,"retryReasons":[],"status":"passed","title":"should require authentication"},{"ancestorTitles":["GET /api/tenants/:tenantId/maintenance/alerts"],"duration":35,"failureDetails":[],"failureMessages":[],"fullName":"GET /api/tenants/:tenantId/maintenance/alerts should return maintenance alerts","invocations":1,"location":null,"numPassingAsserts":3,"retryReasons":[],"status":"passed","title":"should return maintenance alerts"},{"ancestorTitles":["GET /api/tenants/:tenantId/maintenance/alerts"],"duration":11,"failureDetails":[],"failureMessages":[],"fullName":"GET /api/tenants/:tenantId/maintenance/alerts should accept days parameter","invocations":1,"location":null,"numPassingAsserts":1,"retryReasons":[],"status":"passed","title":"should accept days parameter"},{"ancestorTitles":["GET /api/tenants/:tenantId/maintenance/history"],"duration":10,"failureDetails":[],"failureMessages":[],"fullName":"GET /api/tenants/:tenantId/maintenance/history should return maintenance history","invocations":1,"location":null,"numPassingAsserts":2,"retryReasons":[],"status":"passed","title":"should return maintenance history"},{"ancestorTitles":["GET /api/tenants/:tenantId/maintenance/history"],"duration":1,"failureDetails":[],"failureMessages":[],"fullName":"GET /api/tenants/:tenantId/maintenance/history should filter by vehicle_id","invocations":1,"location":null,"numPassingAsserts":0,"retryReasons":[],"status":"passed","title":"should filter by vehicle_id"},{"ancestorTitles":["POST /api/tenants/:tenantId/maintenance/record"],"duration":2,"failureDetails":[],"failureMessages":[],"fullName":"POST /api/tenants/:tenantId/maintenance/record should create a maintenance record","invocations":1,"location":null,"numPassingAsserts":0,"retryReasons":[],"status":"passed","title":"should create a maintenance record"},{"ancestorTitles":["POST /api/tenants/:tenantId/maintenance/record"],"duration":20,"failureDetails":[],"failureMessages":[],"fullName":"POST /api/tenants/:tenantId/maintenance/record should require vehicle_id, service_date, and service_type","invocations":1,"location":null,"numPassingAsserts":1,"retryReasons":[],"status":"passed","title":"should require vehicle_id, service_date, and service_type"},{"ancestorTitles":["GET /api/tenants/:tenantId/maintenance/vehicle/:vehicleId"],"duration":2,"failureDetails":[],"failureMessages":[],"fullName":"GET /api/tenants/:tenantId/maintenance/vehicle/:vehicleId should return vehicle maintenance records","invocations":1,"location":null,"numPassingAsserts":0,"retryReasons":[],"status":"passed","title":"should return vehicle maintenance records"},{"ancestorTitles":["PUT /api/tenants/:tenantId/maintenance/record/:maintenanceId"],"duration":1,"failureDetails":[],"failureMessages":[],"fullName":"PUT /api/tenants/:tenantId/maintenance/record/:maintenanceId should update a maintenance record","invocations":1,"location":null,"numPassingAsserts":0,"retryReasons":[],"status":"passed","title":"should update a maintenance record"},{"ancestorTitles":["DELETE /api/tenants/:tenantId/maintenance/record/:maintenanceId"],"duration":1,"failureDetails":[],"failureMessages":[],"fullName":"DELETE /api/tenants/:tenantId/maintenance/record/:maintenanceId should delete a maintenance record","invocations":1,"location":null,"numPassingAsserts":0,"retryReasons":[],"status":"passed","title":"should delete a maintenance record"},{"ancestorTitles":["DELETE /api/tenants/:tenantId/maintenance/record/:maintenanceId"],"duration":7,"failureDetails":[],"failureMessages":[],"fullName":"DELETE /api/tenants/:tenantId/maintenance/record/:maintenanceId should return 404 for non-existent record","invocations":1,"location":null,"numPassingAsserts":1,"retryReasons":[],"status":"passed","title":"should return 404 for non-existent record"},{"ancestorTitles":["GET /api/tenants/:tenantId/maintenance/costs"],"duration":8,"failureDetails":[],"failureMessages":[],"fullName":"GET /api/tenants/:tenantId/maintenance/costs should return cost analysis","invocations":1,"location":null,"numPassingAsserts":3,"retryReasons":[],"status":"passed","title":"should return cost analysis"},{"ancestorTitles":["GET /api/tenants/:tenantId/maintenance/providers"],"duration":8,"failureDetails":[],"failureMessages":[],"fullName":"GET /api/tenants/:tenantId/maintenance/providers should return service providers list","invocations":1,"location":null,"numPassingAsserts":3,"retryReasons":[],"status":"passed","title":"should return service providers list"},{"ancestorTitles":["Maintenance Cross-Tenant Protection"],"duration":96,"failureDetails":[],"failureMessages":[],"fullName":"Maintenance Cross-Tenant Protection should prevent accessing maintenance from another tenant","invocations":1,"location":null,"numPassingAsserts":1,"retryReasons":[],"status":"passed","title":"should prevent accessing maintenance from another tenant"}],"endTime":1764260808965,"message":"","name":"D:\\projects\\travel-support-app -test\\conversion\\backend\\src\\tests\\integration\\maintenance.test.ts","startTime":1764260807600,"status":"passed","summary":""},{"assertionResults":[{"ancestorTitles":["GET /api/tenants/:tenantId/messages"],"duration":17,"failureDetails":[],"failureMessages":[],"fullName":"GET /api/tenants/:tenantId/messages should return messages list","invocations":1,"location":null,"numPassingAsserts":4,"retryReasons":[],"status":"passed","title":"should return messages list"},{"ancestorTitles":["GET /api/tenants/:tenantId/messages"],"duration":9,"failureDetails":[],"failureMessages":[],"fullName":"GET /api/tenants/:tenantId/messages should require authentication","invocations":1,"location":null,"numPassingAsserts":1,"retryReasons":[],"status":"passed","title":"should require authentication"},{"ancestorTitles":["POST /api/tenants/:tenantId/messages"],"duration":11,"failureDetails":[],"failureMessages":[],"fullName":"POST /api/tenants/:tenantId/messages should create a new message","invocations":1,"location":null,"numPassingAsserts":3,"retryReasons":[],"status":"passed","title":"should create a new message"},{"ancestorTitles":["POST /api/tenants/:tenantId/messages"],"duration":6,"failureDetails":[],"failureMessages":[],"fullName":"POST /api/tenants/:tenantId/messages should require title and message","invocations":1,"location":null,"numPassingAsserts":1,"retryReasons":[],"status":"passed","title":"should require title and message"},{"ancestorTitles":["POST /api/tenants/:tenantId/messages"],"duration":8,"failureDetails":[],"failureMessages":[],"fullName":"POST /api/tenants/:tenantId/messages should create a draft message","invocations":1,"location":null,"numPassingAsserts":2,"retryReasons":[],"status":"passed","title":"should create a draft message"},{"ancestorTitles":["DELETE /api/tenants/:tenantId/messages/:messageId"],"duration":10,"failureDetails":[],"failureMessages":[],"fullName":"DELETE /api/tenants/:tenantId/messages/:messageId should delete a message","invocations":1,"location":null,"numPassingAsserts":2,"retryReasons":[],"status":"passed","title":"should delete a message"},{"ancestorTitles":["DELETE /api/tenants/:tenantId/messages/:messageId"],"duration":6,"failureDetails":[],"failureMessages":[],"fullName":"DELETE /api/tenants/:tenantId/messages/:messageId should return 404 for non-existent message","invocations":1,"location":null,"numPassingAsserts":1,"retryReasons":[],"status":"passed","title":"should return 404 for non-existent message"},{"ancestorTitles":["GET /api/tenants/:tenantId/messages/stats"],"duration":7,"failureDetails":[],"failureMessages":[],"fullName":"GET /api/tenants/:tenantId/messages/stats should return message statistics","invocations":1,"location":null,"numPassingAsserts":2,"retryReasons":[],"status":"passed","title":"should return message statistics"},{"ancestorTitles":["GET /api/tenants/:tenantId/messages/from-customers"],"duration":8,"failureDetails":[],"failureMessages":[],"fullName":"GET /api/tenants/:tenantId/messages/from-customers should return customer messages","invocations":1,"location":null,"numPassingAsserts":3,"retryReasons":[],"status":"passed","title":"should return customer messages"},{"ancestorTitles":["Messages Cross-Tenant Protection"],"duration":93,"failureDetails":[],"failureMessages":[],"fullName":"Messages Cross-Tenant Protection should prevent accessing messages from another tenant","invocations":1,"location":null,"numPassingAsserts":1,"retryReasons":[],"status":"passed","title":"should prevent accessing messages from another tenant"}],"endTime":1764260810178,"message":"","name":"D:\\projects\\travel-support-app -test\\conversion\\backend\\src\\tests\\integration\\messages.test.ts","startTime":1764260808982,"status":"passed","summary":""},{"assertionResults":[{"ancestorTitles":["GET /api/tenants/:tenantId/customers"],"duration":12,"failureDetails":[],"failureMessages":[],"fullName":"GET /api/tenants/:tenantId/customers should return list of customers","invocations":1,"location":null,"numPassingAsserts":7,"retryReasons":[],"status":"passed","title":"should return list of customers"},{"ancestorTitles":["GET /api/tenants/:tenantId/customers"],"duration":8,"failureDetails":[],"failureMessages":[],"fullName":"GET /api/tenants/:tenantId/customers should support pagination","invocations":1,"location":null,"numPassingAsserts":3,"retryReasons":[],"status":"passed","title":"should support pagination"},{"ancestorTitles":["GET /api/tenants/:tenantId/customers"],"duration":9,"failureDetails":[],"failureMessages":[],"fullName":"GET /api/tenants/:tenantId/customers should support search","invocations":1,"location":null,"numPassingAsserts":2,"retryReasons":[],"status":"passed","title":"should support search"},{"ancestorTitles":["GET /api/tenants/:tenantId/customers"],"duration":12,"failureDetails":[],"failureMessages":[],"fullName":"GET /api/tenants/:tenantId/customers should require authentication","invocations":1,"location":null,"numPassingAsserts":1,"retryReasons":[],"status":"passed","title":"should require authentication"},{"ancestorTitles":["GET /api/tenants/:tenantId/customers/:customerId"],"duration":8,"failureDetails":[],"failureMessages":[],"fullName":"GET /api/tenants/:tenantId/customers/:customerId should return a s
[...]
:[],"fullName":"Cookie Authentication Security Cookie Security Attributes should set Secure flag in production","invocations":1,"location":null,"numPassingAsserts":1,"retryReasons":[],"status":"passed","title":"should set Secure flag in production"},{"ancestorTitles":["Cookie Authentication Security","Cookie Security Attributes"],"duration":9,"failureDetails":[],"failureMessages":[],"fullName":"Cookie Authentication Security Cookie Security Attributes should have HttpOnly flag to prevent XSS access","invocations":1,"location":null,"numPassingAsserts":1,"retryReasons":[],"status":"passed","title":"should have HttpOnly flag to prevent XSS access"},{"ancestorTitles":["Cookie Authentication Security","Cookie Security Attributes"],"duration":9,"failureDetails":[],"failureMessages":[],"fullName":"Cookie Authentication Security Cookie Security Attributes should have SameSite attribute to prevent CSRF","invocations":1,"location":null,"numPassingAsserts":1,"retryReasons":[],"status":"passed","title":"should have SameSite attribute to prevent CSRF"},{"ancestorTitles":["Legacy Authorization Header Support"],"duration":26,"failureDetails":[],"failureMessages":[],"fullName":"Legacy Authorization Header Support should still accept Authorization header for backward compatibility","invocations":1,"location":null,"numPassingAsserts":2,"retryReasons":[],"status":"passed","title":"should still accept Authorization header for backward compatibility"},{"ancestorTitles":["Legacy Authorization Header Support"],"duration":12,"failureDetails":[],"failureMessages":[],"fullName":"Legacy Authorization Header Support should prefer cookie over Authorization header","invocations":1,"location":null,"numPassingAsserts":1,"retryReasons":[],"status":"passed","title":"should prefer cookie over Authorization header"}],"endTime":1764260819267,"message":"","name":"D:\\projects\\travel-support-app -test\\conversion\\backend\\src\\tests\\security\\auth-cookie.test.ts","startTime":1764260818912,"status":"passed","summary":""},{"assertionResults":[{"ancestorTitles":["Tenant Isolation Security","Tenant ID Validation"],"duration":28,"failureDetails":[],"failureMessages":[],"fullName":"Tenant Isolation Security Tenant ID Validation should reject non-numeric tenant IDs","invocations":1,"location":null,"numPassingAsserts":0,"retryReasons":[],"status":"passed","title":"should reject non-numeric tenant IDs"},{"ancestorTitles":["Tenant Isolation Security","Tenant ID Validation"],"duration":8,"failureDetails":[],"failureMessages":[],"fullName":"Tenant Isolation Security Tenant ID Validation should reject negative tenant IDs","invocations":1,"location":null,"numPassingAsserts":0,"retryReasons":[],"status":"passed","title":"should reject negative tenant IDs"},{"ancestorTitles":["Tenant Isolation Security","Cross-Tenant Data Access Prevention"],"duration":6,"failureDetails":[],"failureMessages":[],"fullName":"Tenant Isolation Security Cross-Tenant Data Access Prevention should not allow accessing customer data from another tenant","invocations":1,"location":null,"numPassingAsserts":0,"retryReasons":[],"status":"passed","title":"should not allow accessing customer data from another tenant"},{"ancestorTitles":["Tenant Isolation Security","Cross-Tenant Data Access Prevention"],"duration":13,"failureDetails":[],"failureMessages":[],"fullName":"Tenant Isolation Security Cross-Tenant Data Access Prevention should not allow modifying data in another tenant","invocations":1,"location":null,"numPassingAsserts":0,"retryReasons":[],"status":"passed","title":"should not allow modifying data in another tenant"},{"ancestorTitles":["Tenant Isolation Security","Cross-Tenant Data Access Prevention"],"duration":6,"failureDetails":[],"failureMessages":[],"fullName":"Tenant Isolation Security Cross-Tenant Data Access Prevention should not allow deleting data in another tenant","invocations":1,"location":null,"numPassingAsserts":0,"retryReasons":[],"status":"passed","title":"should not allow deleting data in another tenant"},{"ancestorTitles":["Tenant Isolation Security","Token Tenant Claim Validation"],"duration":6,"failureDetails":[],"failureMessages":[],"fullName":"Tenant Isolation Security Token Tenant Claim Validation should reject tokens with mismatched tenant claims","invocations":1,"location":null,"numPassingAsserts":0,"retryReasons":[],"status":"passed","title":"should reject tokens with mismatched tenant claims"},{"ancestorTitles":["Tenant Isolation Security","Token Tenant Claim Validation"],"duration":5,"failureDetails":[],"failureMessages":[],"fullName":"Tenant Isolation Security Token Tenant Claim Validation should accept tokens with matching tenant claims","invocations":1,"location":null,"numPassingAsserts":1,"retryReasons":[],"status":"passed","title":"should accept tokens with matching tenant claims"},{"ancestorTitles":["Tenant Isolation Security","RLS Helper Functions"],"duration":1,"failureDetails":[],"failureMessages":[],"fullName":"Tenant Isolation Security RLS Helper Functions should set tenant context correctly","invocations":1,"location":null,"numPassingAsserts":1,"retryReasons":[],"status":"passed","title":"should set tenant context correctly"},{"ancestorTitles":["Tenant Isolation Security","RLS Helper Functions"],"duration":1,"failureDetails":[],"failureMessages":[],"fullName":"Tenant Isolation Security RLS Helper Functions should execute queries with tenant context","invocations":1,"location":null,"numPassingAsserts":1,"retryReasons":[],"status":"passed","title":"should execute queries with tenant context"},{"ancestorTitles":["Audit Logging for Security Events"],"duration":7,"failureDetails":[],"failureMessages":[],"fullName":"Audit Logging for Security Events should log cross-tenant access attempts","invocations":1,"location":null,"numPassingAsserts":1,"retryReasons":[],"status":"passed","title":"should log cross-tenant access attempts"},{"ancestorTitles":["Audit Logging for Security Events"],"duration":5,"failureDetails":[],"failureMessages":[],"fullName":"Audit Logging for Security Events should log authentication failures","invocations":1,"location":null,"numPassingAsserts":1,"retryReasons":[],"status":"passed","title":"should log authentication failures"}],"endTime":1764260819545,"message":"","name":"D:\\projects\\travel-support-app -test\\conversion\\backend\\src\\tests\\security\\tenant-isolation.test.ts","startTime":1764260819288,"status":"passed","summary":""},{"assertionResults":[{"ancestorTitles":["PII Encryption Service","isPIIEncryptionEnabled"],"duration":1,"failureDetails":[],"failureMessages":[],"fullName":"PII Encryption Service isPIIEncryptionEnabled should return true when ENCRYPTION_KEY is set","invocations":1,"location":null,"numPassingAsserts":1,"retryReasons":[],"status":"passed","title":"should return true when ENCRYPTION_KEY is set"},{"ancestorTitles":["PII Encryption Service","isPIIEncryptionEnabled"],"duration":1,"failureDetails":[],"failureMessages":[],"fullName":"PII Encryption Service isPIIEncryptionEnabled should return false when ENCRYPTION_KEY is not set","invocations":1,"location":null,"numPassingAsserts":1,"retryReasons":[],"status":"passed","title":"should return false when ENCRYPTION_KEY is not set"},{"ancestorTitles":["PII Encryption Service","encrypt/decrypt"],"duration":4,"failureDetails":[],"failureMessages":[],"fullName":"PII Encryption Service encrypt/decrypt should encrypt and decrypt a string correctly","invocations":1,"location":null,"numPassingAsserts":2,"retryReasons":[],"status":"passed","title":"should encrypt and decrypt a string correctly"},{"ancestorTitles":["PII Encryption Service","encrypt/decrypt"],"duration":0,"failureDetails":[],"failureMessages":[],"fullName":"PII Encryption Service encrypt/decrypt should produce different ciphertext for same plaintext (random IV)","invocations":1,"location":null,"numPassingAsserts":3,"retryReasons":[],"status":"passed","title":"should produce different ciphertext for same plaintext (random IV)"},{"ancestorTitles":["PII Encryption Service","encrypt/decrypt"],"duration":0,"failureDetails":[],"failureMessages":[],"fullName":"PII Encryption Service encrypt/decrypt should handle empty strings","invocations":1,"location":null,"numPassingAsserts":2,"retryReasons":[],"status":"passed","title":"should handle empty strings"},{"ancestorTitles":["PII Encryption Service","encrypt/decrypt"],"duration":0,"failureDetails":[],"failureMessages":[],"fullName":"PII Encryption Service encrypt/decrypt should handle null/undefined gracefully","invocations":1,"location":null,"numPassingAsserts":2,"retryReasons":[],"status":"passed","title":"should handle null/undefined gracefully"},{"ancestorTitles":["PII Encryption Service","encrypt/decrypt"],"duration":1,"failureDetails":[],"failureMessages":[],"fullName":"PII Encryption Service encrypt/decrypt should handle unicode characters","invocations":1,"location":null,"numPassingAsserts":1,"retryReasons":[],"status":"passed","title":"should handle unicode characters"},{"ancestorTitles":["PII Encryption Service","encrypt/decrypt"],"duration":0,"failureDetails":[],"failureMessages":[],"fullName":"PII Encryption Service encrypt/decrypt should handle long strings","invocations":1,"location":null,"numPassingAsserts":1,"retryReasons":[],"status":"passed","title":"should handle long strings"},{"ancestorTitles":["PII Encryption Service","encrypt/decrypt"],"duration":0,"failureDetails":[],"failureMessages":[],"fullName":"PII Encryption Service encrypt/decrypt should return original value if decryption fails on non-encrypted data","invocations":1,"location":null,"numPassingAsserts":1,"retryReasons":[],"status":"passed","title":"should return original value if decryption fails on non-encrypted data"},{"ancestorTitles":["PII Encryption Service","encrypt/decrypt"],"duration":1,"failureDetails":[],"failureMessages":[],"fullName":"PII Encryption Service encrypt/decrypt should produce format: iv:authTag:ciphertext","invocations":1,"location":null,"numPassingAsserts":4,"retryReasons":[],"status":"passed","title":"should produce format: iv:authTag:ciphertext"},{"ancestorTitles":["PII Encryption Service","encryptSearchable/decryptSearchable"],"duration":1,"failureDetails":[],"failureMessages":[],"fullName":"PII Encryption Service encryptSearchable/decryptSearchable should produce same ciphertext for same plaintext (deterministic)","invocations":1,"location":null,"numPassingAsserts":1,"retryReasons":[],"status":"passed","title":"should produce same ciphertext for same plaintext (deterministic)"},{"ancestorTitles":["PII Encryption Service","encryptSearchable/decryptSearchable"],"duration":0,"failureDetails":[],"failureMessages":[],"fullName":"PII Encryption Service encryptSearchable/decryptSearchable should decrypt searchable encrypted values","invocations":1,"location":null,"numPassingAsserts":1,"retryReasons":[],"status":"passed","title":"should decrypt searchable encrypted values"},{"ancestorTitles":["PII Encryption Service","encryptSearchable/decryptSearchable"],"duration":1,"failureDetails":[],"failureMessages":[],"fullName":"PII Encryption Service encryptSearchable/decryptSearchable should prefix with DET: for identification","invocations":1,"location":null,"numPassingAsserts":1,"retryReasons":[],"status":"passed","title":"should prefix with DET: for identification"},{"ancestorTitles":["PII Encryption Service","encryptSearchable/decryptSearchable"],"duration":0,"failureDetails":[],"failureMessages":[],"fullName":"PII Encryption Service encryptSearchable/decryptSearchable should handle empty strings","invocations":1,"location":null,"numPassingAsserts":2,"retryReasons":[],"status":"passed","title":"should handle empty strings"},{"ancestorTitles":["PII Encryption Service","encryptSearchable/decryptSearchable"],"duration":0,"failureDetails":[],"failureMessages":[],"fullName":"PII Encryption Service encryptSearchable/decryptSearchable should produce different ciphertext for different plaintext","invocations":1,"location":null,"numPassingAsserts":1,"retryReasons":[],"status":"passed","title":"should produce different ciphertext for different plaintext"},{"ancestorTitles":["PII Encryption Service","hashPII"],"duration":0,"failureDetails":[],"failureMessages":[],"fullName":"PII Encryption Service hashPII should produce consistent hash for same input","invocations":1,"location":null,"numPassingAsserts":1,"retryReasons":[],"status":"passed","title":"should produce consistent hash for same input"},{"ancestorTitles":["PII Encryption Service","hashPII"],"duration":0,"failureDetails":[],"failureMessages":[],"fullName":"PII Encryption Service hashPII should produce different hash for different input","invocations":1,"location":null,"numPassingAsserts":1,"retryReasons":[],"status":"passed","title":"should produce different hash for different input"},{"ancestorTitles":["PII Encryption Service","hashPII"],"duration":1,"failureDetails":[],"failureMessages":[],"fullName":"PII Encryption Service hashPII should normalize case and whitespace","invocations":1,"location":null,"numPassingAsserts":2,"retryReasons":[],"status":"passed","title":"should normalize case and whitespace"},{"ancestorTitles":["PII Encryption Service","hashPII"],"duration":1,"failureDetails":[],"failureMessages":[],"fullName":"PII Encryption Service hashPII should return hex string","invocations":1,"location":null,"numPassingAsserts":1,"retryReasons":[],"status":"passed","title":"should return hex string"},{"ancestorTitles":["PII Encryption Service","hashPII"],"duration":0,"failureDetails":[],"failureMessages":[],"fullName":"PII Encryption Service hashPII should handle empty strings","invocations":1,"location":null,"numPassingAsserts":1,"retryReasons":[],"status":"passed","title":"should handle empty strings"},{"ancestorTitles":["PII Encryption Service","maskEmail"],"duration":0,"failureDetails":[],"failureMessages":[],"fullName":"PII Encryption Service maskEmail should mask email address correctly","invocations":1,"location":null,"numPassingAsserts":1,"retryReasons":[],"status":"passed","title":"should mask email address correctly"},{"ancestorTitles":["PII Encryption Service","maskEmail"],"duration":1,"failureDetails":[],"failureMessages":[],"fullName":"PII Encryption Service maskEmail should handle short local parts","invocations":1,"location":null,"numPassingAsserts":1,"retryReasons":[],"status":"passed","title":"should handle short local parts"},{"ancestorTitles":["PII Encryption Service","maskEmail"],"duration":0,"failureDetails":[],"failureMessages":[],"fullName":"PII Encryption Service maskEmail should handle invalid emails gracefully","invocations":1,"location":null,"numPassingAsserts":2,"retryReasons":[],"status":"passed","title":"should handle invalid emails gracefully"},{"ancestorTitles":["PII Encryption Service","maskEmail"],"duration":1,"failureDetails":[],"failureMessages":[],"fullName":"PII Encryption Service maskEmail should preserve TLD","invocations":1,"location":null,"numPassingAsserts":1,"retryReasons":[],"status":"passed","title":"should preserve TLD"},{"ancestorTitles":["PII Encryption Service","maskPhone"],"duration":0,"failureDetails":[],"failureMessages":[],"fullName":"PII Encryption Service maskPhone should show only last 4 digits","invocations":1,"location":null,"numPassingAsserts":1,"retryReasons":[],"status":"passed","title":"should show only last 4 digits"},{"ancestorTitles":["PII Encryption Service","maskPhone"],"duration":0,"failureDetails":[],"failureMessages":[],"fullName":"PII Encryption Service maskPhone should handle formatted phone numbers","invocations":1,"location":null,"numPassingAsserts":2,"retryReasons":[],"status":"passed","title":"should handle formatted phone numbers"},{"ancestorTitles":["PII Encryption Service","maskPhone"],"duration":1,"failureDetails":[],"failureMessages":[],"fullName":"PII Encryption Service maskPhone should handle short numbers","invocations":1,"location":null,"numPassingAsserts":2,"retryReasons":[],"status":"passed","title":"should handle short numbers"},{"ancestorTitles":["PII Encryption Service","maskAddress"],"duration":0,"failureDetails":[],"failureMessages":[],"fullName":"PII Encryption Service maskAddress should show only postcode","invocations":1,"location":null,"numPassingAsserts":1,"retryReasons":[],"status":"passed","title":"should show only postcode"},{"ancestorTitles":["PII Encryption Service","maskAddress"],"duration":0,"failureDetails":[],"failureMessages":[],"fullName":"PII Encryption Service maskAddress should handle addresses without spaces","invocations":1,"location":null,"numPassingAsserts":1,"retryReasons":[],"status":"passed","title":"should handle addresses without spaces"},{"ancestorTitles":["PII Encryption Service","maskAddress"],"duration":0,"failureDetails":[],"failureMessages":[],"fullName":"PII Encryption Service maskAddress should handle empty addresses","invocations":1,"location":null,"numPassingAsserts":1,"retryReasons":[],"status":"passed","title":"should handle empty addresses"},{"ancestorTitles":["PII Encryption Service","encryptPIIFields"],"duration":1,"failureDetails":[],"failureMessages":[],"fullName":"PII Encryption Service encryptPIIFields should encrypt specified fields","invocations":1,"location":null,"numPassingAsserts":5,"retryReasons":[],"status":"passed","title":"should encrypt specified fields"},{"ancestorTitles":["PII Encryption Service","encryptPIIFields"],"duration":1,"failureDetails":[],"failureMessages":[],"fullName":"PII Encryption Service encryptPIIFields should use searchable encryption for specified fields","invocations":1,"location":null,"numPassingAsserts":2,"retryReasons":[],"status":"passed","title":"should use searchable encryption for specified fields"},{"ancestorTitles":["PII Encryption Service","encryptPIIFields"],"duration":1,"failureDetails":[],"failureMessages":[],"fullName":"PII Encryption Service encryptPIIFields should skip null/undefined fields","invocations":1,"location":null,"numPassingAsserts":2,"retryReasons":[],"status":"passed","title":"should skip null/undefined fields"},{"ancestorTitles":["PII Encryption Service","decryptPIIFields"],"duration":1,"failureDetails":[],"failureMessages":[],"fullName":"PII Encryption Service decryptPIIFields should decrypt specified fields","invocations":1,"location":null,"numPassingAsserts":3,"retryReasons":[],"status":"passed","title":"should decrypt specified fields"},{"ancestorTitles":["PII Encryption Service","decryptPIIFields"],"duration":1,"failureDetails":[],"failureMessages":[],"fullName":"PII Encryption Service decryptPIIFields should handle mixed encrypted and plain values","invocations":1,"location":null,"numPassingAsserts":2,"retryReasons":[],"status":"passed","title":"should handle mixed encrypted and plain values"},{"ancestorTitles":["PII Encryption Service","decryptPIIFields"],"duration":0,"failureDetails":[],"failureMessages":[],"fullName":"PII Encryption Service decryptPIIFields should handle searchable encrypted values","invocations":1,"location":null,"numPassingAsserts":1,"retryReasons":[],"status":"passed","title":"should handle searchable encrypted values"},{"ancestorTitles":["Error Handling"],"duration":31,"failureDetails":[],"failureMessages":[],"fullName":"Error Handling should throw error when encryption key is missing","invocations":1,"location":null,"numPassingAsserts":1,"retryReasons":[],"status":"passed","title":"should throw error when encryption key is missing"},{"ancestorTitles":["Error Handling"],"duration":10,"failureDetails":[],"failureMessages":[],"fullName":"Error Handling should throw error when encryption key is wrong length","invocations":1,"location":null,"numPassingAsserts":1,"retryReasons":[],"status":"passed","title":"should throw error when encryption key is wrong length"}],"endTime":1764260819735,"message":"","name":"D:\\projects\\travel-support-app -test\\conversion\\backend\\src\\tests\\unit\\piiEncryption.test.ts","startTime":1764260819565,"status":"passed","summary":""}],"wasInterrupted":false}
